Array
(
    [genre] => 
    [year] => 
    [sort] => 
    [search] => 
)

Array
(
    [genre] => 
    [year] => 
    [sort] => title
    [search] => 
)

Array
(
    [genre] => 
    [year] => 
    [sort] => newest
    [search] => 
)

Array
(
    [genre] => 
    [year] => 
    [sort] => 
    [search] => 
)

Array
(
    [genre] => 
    [year] => 2020
    [sort] => 
    [search] => 
)

Array
(
    [genre] => 
    [year] => 
    [sort] => 
    [search] => 
)

Array
(
    [genre] => Technology
    [year] => 
    [sort] => 
    [search] => 
)

Array
(
    [genre] => 
    [year] => 
    [sort] => 
    [search] => 
)

Array
(
    [genre] => 
    [year] => 
    [sort] => 
    [search] => 
)

Array
(
    [genre] => 
    [year] => 
    [sort] => 
    [search] => 
)

Array
(
    [genre] => 
    [year] => 
    [sort] => 
    [search] => 
)

Array
(
    [genre] => 
    [year] => 
    [sort] => 
    [search] => 
)

Array
(
    [genre] => 
    [year] => 
    [sort] => 
    [search] => 
)

Array
(
    [genre] => 
    [year] => 
    [sort] => 
    [search] => 
)

Array
(
    [genre] => 
    [year] => 
    [sort] => 
    [search] => 
)

Array
(
    [genre] => 
    [year] => 
    [sort] => 
    [search] => 
)

Array
(
    [genre] => 
    [year] => 
    [sort] => 
    [search] => 
)

Array
(
    [genre] => 
    [year] => 
    [sort] => 
    [search] => 
)

Array
(
    [genre] => 
    [year] => 
    [sort] => 
    [search] => 
)

Array
(
    [genre] => 
    [year] => 
    [sort] => 
    [search] => 
)

Array
(
    [genre] => 
    [year] => 
    [sort] => 
    [search] => 
)

Array
(
    [genre] => 
    [year] => 
    [sort] => 
    [search] => 
)

Array
(
    [genre] => 
    [year] => 
    [sort] => 
    [search] => 
)

Array
(
    [genre] => 
    [year] => 
    [sort] => 
    [search] => 
)

Array
(
    [genre] => 
    [year] => 
    [sort] => 
    [search] => 
)

Array
(
    [genre] => 
    [year] => 
    [sort] => 
    [search] => 
)

Array
(
    [genre] => 
    [year] => 
    [sort] => 
    [search] => 
)

Array
(
    [genre] => 
    [year] => 
    [sort] => 
    [search] => 
)

Array
(
    [genre] => 
    [year] => 
    [sort] => 
    [search] => 
)

Array
(
    [genre] => 
    [year] => 
    [sort] => 
    [search] => 
)

Array
(
    [genre] => 
    [year] => 
    [sort] => 
    [search] => 
)

Array
(
    [genre] => 
    [year] => 
    [sort] => 
    [search] => 
)

Array
(
    [genre] => 
    [year] => 
    [sort] => 
    [search] => 
)

Array
(
    [genre] => 
    [year] => 
    [sort] => 
    [search] => 
)

Array
(
    [genre] => 
    [year] => 
    [sort] => 
    [search] => 
)

Array
(
    [genre] => 
    [year] => 
    [sort] => 
    [search] => 
)

Array
(
    [genre] => 
    [year] => 
    [sort] => 
    [search] => 
)

Array
(
    [genre] => 
    [year] => 
    [sort] => 
    [search] => 
)

Array
(
    [genre] => 
    [year] => 
    [sort] => 
    [search] => 
)

Array
(
    [genre] => 
    [year] => 
    [sort] => 
    [search] => 
)

Array
(
    [genre] => 
    [year] => 
    [sort] => 
    [search] => 
)

Array
(
    [genre] => 
    [year] => 
    [sort] => 
    [search] => 
)

Array
(
    [genre] => 
    [year] => 
    [sort] => 
    [search] => 
)

Array
(
    [genre] => 
    [year] => 
    [sort] => 
    [search] => 
)

Array
(
    [genre] => 
    [year] => 
    [sort] => 
    [search] => 
)

Array
(
    [genre] => 
    [year] => 
    [sort] => 
    [search] => 
)

Array
(
    [genre] => 
    [year] => 
    [sort] => 
    [search] => 
)

Array
(
    [genre] => 
    [year] => 
    [sort] => 
    [search] => 
)

Array
(
    [genre] => 
    [year] => 
    [sort] => 
    [search] => 
)

Array
(
    [genre] => 
    [year] => 
    [sort] => 
    [search] => 
)

Array
(
    [genre] => 
    [year] => 
    [sort] => 
    [search] => Murach
)

Array
(
    [genre] => 
    [year] => 
    [sort] => 
    [search] => Murac
)

Array
(
    [genre] => 
    [year] => 
    [sort] => 
    [search] => 
)

Array
(
    [genre] => 
    [year] => 
    [sort] => 
    [search] => P
)

Array
(
    [genre] => 
    [year] => 
    [sort] => 
    [search] => 
)

Array
(
    [genre] => 
    [year] => 
    [sort] => 
    [search] => PHP 
)

Array
(
    [genre] => 
    [year] => 
    [sort] => 
    [search] => PHP
)

Array
(
    [genre] => 
    [year] => 
    [sort] => 
    [search] => 
)

Array
(
    [genre] => 
    [year] => 
    [sort] => 
    [search] => 
)

Array
(
    [genre] => 
    [year] => 
    [sort] => 
    [search] => 
)

Array
(
    [genre] => 
    [year] => 
    [sort] => 
    [search] => 
)

Array
(
    [genre] => 
    [year] => 
    [sort] => 
    [search] => 
)

Array
(
    [genre] => 
    [year] => 
    [sort] => 
    [search] => 
)

Array
(
    [genre] => 
    [year] => 
    [sort] => 
    [search] => 
)

Array
(
    [genre] => 
    [year] => 
    [sort] => 
    [search] => 
)

Array
(
    [genre] => 
    [year] => 
    [sort] => 
    [search] => 
)

Array
(
    [genre] => 
    [year] => 
    [sort] => 
    [search] => 
)

Array
(
    [genre] => 
    [year] => 
    [sort] => 
    [search] => 
)

